2025-01-18 13:41:21,627 - INFO - === Starting migration from rohmat@atonergi.com to dm01@rejaton.com ===
2025-01-18 13:41:21,628 - INFO - Starting download for rohmat@atonergi.com
2025-01-18 13:41:23,826 - INFO - Downloading Copy of 30-09-2024 STATUS WA.jpg-info.json: 100%
2025-01-18 13:41:24,923 - INFO - Downloading Bukti upload FB 30-09-24.png-info.json: 100%
2025-01-18 13:41:26,299 - INFO - Downloading Bukti upload FB 30-09-24.png: 100%
2025-01-18 13:41:27,326 - INFO - Downloading Copy of 30-09-2024 STATUS WA.jpg: 100%
2025-01-18 13:41:30,448 - INFO - Downloading Project-NGGOLOMBAY_Bp.-Willyam_Bajawa_67m_31cbm.pdf: 100%
2025-01-18 13:41:32,115 - INFO - Downloading Project-Tedakisa_Bp.-Willyam_Bajawa_102m_32cbm_.pdf: 100%
2025-01-18 13:41:32,978 - INFO - Downloading Project-BIDOA_Bp.-Willyam_Bajawa_100m_33cbm_5,.json: 100%
2025-01-18 13:41:34,503 - INFO - Downloading Project-WAEKOKAK_Bp.-Willyam_Bajawa_102m_34cbm_.pdf: 100%
2025-01-18 13:41:35,669 - INFO - Downloading Project-Wajo-Sulawesi-Selatan_Bp.-Andi-Baharud.json: 100%
2025-01-18 13:41:36,599 - INFO - Downloading Project-PAGOMOGO_Bp.-Willyam_Bajawa_105m_33cbm.json: 100%
2025-01-18 13:41:38,136 - INFO - Downloading Project-KOTAKEO-I_Bp.-Willyam_Bajawa_105m_37cb.json: 100%
2025-01-18 13:41:39,764 - INFO - Downloading Project-LAPE_Bp.-Willyam_Bajawa_110m_41cbm_8,40.pdf: 100%
2025-01-18 13:41:40,685 - INFO - Downloading Project-NAGEOGA_Bp.-Willyam_Bajawa_92m_34cbm_5.json: 100%
2025-01-18 13:41:41,628 - INFO - Downloading Project-MBAY-I_Bp.-Willyam_Bajawa_75m_45cbm_6,.json: 100%
2025-01-18 13:41:43,457 - INFO - Downloading Project-DHEREISA_Bp.-Willyam_Bajawa_230m_73cbm_.pdf: 100%
2025-01-18 13:41:44,753 - INFO - Downloading Project-Tedakisa_Bp.-Willyam_Bajawa_102m_32cbm.json: 100%
2025-01-18 13:41:45,934 - INFO - Downloading Project-NGGOLONIO_Bp.-Willyam_Bajawa_102m_68cb.json: 100%
2025-01-18 13:41:46,711 - INFO - Downloading Project-LAPE_Bp.-Willyam_Bajawa_110m_41cbm_8,4.json: 100%
2025-01-18 13:41:48,311 - INFO - Downloading Project-PAGOMOGO_Bp.-Willyam_Bajawa_105m_30cbm_.pdf: 100%
2025-01-18 13:41:50,082 - INFO - Downloading Project-WOLOWESA-TIMUR_Bp.-Willyam_Bajawa_60m_2.pdf: 100%
2025-01-18 13:41:52,189 - INFO - Downloading Project-MBAY-I_Bp.-Willyam_Bajawa_75m_45cbm_6,0.pdf: 100%
2025-01-18 13:41:53,471 - INFO - Downloading Project-WOLOWESA_Bp.-Willyam_Bajawa_90m_99cbm_1.pdf: 100%
2025-01-18 13:41:55,838 - INFO - Downloading PROJECT-GERODHERE_Bp.-Willyam_Bajawa_90m_94cbm_.pdf: 100%
2025-01-18 13:41:57,734 - INFO - Downloading Project-BIDOA_Bp.-Willyam_Bajawa_100m_33cbm_5,6.pdf: 100%
2025-01-18 13:41:59,262 - INFO - Downloading Project-NAGEOGA_Bp.-Willyam_Bajawa_92m_34cbm_5,.pdf: 100%
2025-01-18 13:42:00,463 - INFO - Downloading Project-NGGOLONIO_Bp.-Willyam_Bajawa_102m_68cbm.pdf: 100%
2025-01-18 13:42:01,523 - INFO - Downloading Project-PAGOMOGO_Bp.-Willyam_Bajawa_105m_30cbm.json: 100%
2025-01-18 13:42:02,371 - INFO - Downloading PROJECT-GERODHERE_Bp.-Willyam_Bajawa_90m_94cbm.json: 100%
2025-01-18 13:42:03,686 - INFO - Downloading Project-Wajo-Sulawesi-Selatan_Bp.-Andi-Baharudd.pdf: 100%
2025-01-18 13:42:04,664 - INFO - Downloading Project-MBAY I_Bp.-Willyam_Bajawa_75m_44cbm_7,.json: 100%
2025-01-18 13:42:06,264 - INFO - Downloading Project-DHAWE_Bp.-Willyam_Bajawa_125m_15cbm_4,.json: 100%
2025-01-18 13:42:07,767 - INFO - Downloading Project-PAGOMOGO_Bp.-Willyam_Bajawa_105m_33cbm_.pdf: 100%
2025-01-18 13:42:09,415 - INFO - Downloading Project-WOLOWESA-TIMUR_Bp.-Willyam_Bajawa_60m_.json: 100%
2025-01-18 13:42:11,369 - INFO - Downloading Project-DHAWE_Bp.-Willyam_Bajawa_125m_15cbm_4,0.pdf: 100%
2025-01-18 13:42:12,364 - INFO - Downloading Project-GERODHERE_Bp.-Willyam_Bajawa_90m_135cb.json: 100%
2025-01-18 13:42:13,342 - INFO - Downloading Project-DHEREISA_Bp.-Willyam_Bajawa_230m_73cbm.json: 100%
2025-01-18 13:42:14,813 - INFO - Downloading Project-MBAY I_Bp.-Willyam_Bajawa_75m_44cbm_7,2.pdf: 100%
2025-01-18 13:42:15,751 - INFO - Downloading Project-WAEKOKAK_Bp.-Willyam_Bajawa_102m_34cbm.json: 100%
2025-01-18 13:42:17,302 - INFO - Downloading Project-KOTAKEO-I_Bp.-Willyam_Bajawa_105m_37cbm.pdf: 100%
2025-01-18 13:42:18,711 - INFO - Downloading Project-GERODHERE_Bp.-Willyam_Bajawa_90m_135cbm.pdf: 100%
2025-01-18 13:42:19,489 - INFO - Downloading Project-WOLOWESA_Bp.-Willyam_Bajawa_90m_99cbm_.json: 100%
2025-01-18 13:42:20,632 - INFO - Downloading Project-NGGOLOMBAY_Bp.-Willyam_Bajawa_67m_31cb.json: 100%
2025-01-18 13:42:22,438 - INFO - Downloading atonergi.png-info.json: 100%
2025-01-18 13:42:23,610 - INFO - Downloading lorentz_logo.gif-info.json: 100%
2025-01-18 13:42:24,457 - INFO - Downloading atonergi.png: 100%
2025-01-18 13:42:25,427 - INFO - Downloading lorentz_logo.gif: 100%
2025-01-18 13:42:26,580 - INFO - Downloading customer_db.mdb-info.json: 100%
2025-01-18 13:42:27,973 - INFO - Downloading customer_db.mdb: 100%
2025-01-18 13:42:29,611 - INFO - Downloading LORENTZ_PS2-1800_hre-14h_ pi_en_ver310240.pdf-.json: 100%
2025-01-18 13:42:30,917 - INFO - Downloading LORENTZ_PS2-1800_hre-14h_ pi_en_ver310240.pdf: 100%
2025-01-18 13:42:31,709 - INFO - Downloading Pump systems-info.json: 100%
2025-01-18 13:42:33,089 - INFO - Downloading Datasheets-info.json: 100%
2025-01-18 13:42:34,010 - INFO - Downloading Database-info.json: 100%
2025-01-18 13:42:34,832 - INFO - Downloading Reports-info.json: 100%
2025-01-18 13:42:35,852 - INFO - Downloading Logos-info.json: 100%
2025-01-18 13:42:36,708 - INFO - Downloading Youcam-info.json: 100%
2025-01-18 13:42:37,438 - INFO - Downloading LORENTZ COMPASS-info.json: 100%
2025-01-18 13:42:38,268 - INFO - Downloading Documents-info.json: 100%
2025-01-18 13:42:39,700 - INFO - Downloading Google Sheets.lnk: 100%
2025-01-18 13:42:40,551 - INFO - Downloading Word.lnk: 100%
2025-01-18 13:42:41,420 - INFO - Downloading omahkayu. - Chrome.lnk: 100%
2025-01-18 13:42:42,278 - INFO - Downloading Google Slides.lnk: 100%
2025-01-18 13:42:43,055 - INFO - Downloading omahkayu. - Chrome.lnk-info.json: 100%
2025-01-18 13:42:44,043 - INFO - Downloading Excel.lnk-info.json: 100%
2025-01-18 13:42:45,248 - INFO - Downloading Google Docs.lnk: 100%
2025-01-18 13:42:46,227 - INFO - Downloading Word.lnk-info.json: 100%
2025-01-18 13:42:47,284 - INFO - Downloading Google Slides.lnk-info.json: 100%
2025-01-18 13:42:48,172 - INFO - Downloading Excel.lnk: 100%
2025-01-18 13:42:49,226 - INFO - Downloading Google Drive.lnk-info.json: 100%
2025-01-18 13:42:50,030 - INFO - Downloading COMPASS.appref-ms.mp3: 100%
2025-01-18 13:42:50,993 - INFO - Downloading Google Docs.lnk-info.json: 100%
2025-01-18 13:42:51,823 - INFO - Downloading Google Drive.lnk: 100%
2025-01-18 13:42:53,189 - INFO - Downloading PowerPoint.lnk-info.json: 100%
2025-01-18 13:42:54,482 - INFO - Downloading Zoom Workplace.lnk: 100%
2025-01-18 13:42:55,497 - INFO - Downloading COMPASS.appref-ms-info.json: 100%
2025-01-18 13:42:56,286 - INFO - Downloading Google Sheets.lnk-info.json: 100%
2025-01-18 13:42:57,439 - INFO - Downloading Zoom Workplace.lnk-info.json: 100%
2025-01-18 13:42:58,346 - INFO - Downloading PowerPoint.lnk: 100%
2025-01-18 13:42:59,548 - INFO - Downloading Desktop-info.json: 100%
2025-01-18 13:43:01,746 - INFO - Downloading Alex Nias 12 Nov.jpg: 100%
2025-01-18 13:43:02,788 - INFO - Downloading Jalil 13 nov.jpg-info.json: 100%
2025-01-18 13:43:03,532 - INFO - Downloading 00283-Project-Wonosobo_Bp.-Habib_Wonosobo_150m.json: 100%
2025-01-18 13:43:05,329 - INFO - Downloading 00249-SWP-P-PS2-1800 8-7 SET-1.200 WP (CUST PR.json: 100%
2025-01-18 13:43:06,484 - INFO - Downloading Novi 26 nov.jpg-info.json: 100%
2025-01-18 13:43:07,576 - INFO - Downloading bukti call miftah aceh -28 okt.jpg: 100%
2025-01-18 13:43:08,613 - INFO - Downloading 00474-9-SWP-P-PS2-4000 3-32 SET-(TANPA SOLAR P(1).json: 100%
2025-01-18 13:43:09,979 - INFO - Downloading 00268-Project-Waimanu_Bp.-Frets_Waikabubak_35m_.pdf: 100%
2025-01-18 13:43:11,027 - INFO - Downloading LUTFI 05 DES.jpg-info.json: 100%
2025-01-18 13:43:12,126 - INFO - Downloading bukti call fauzi amrillah 04 nov.jpg-info.json: 100%
2025-01-18 13:43:13,754 - INFO - Downloading 00399-Muaro-Jambi---Jambi_Bpk.-Asmuri_Jambi_40m.pdf: 100%
2025-01-18 13:43:14,749 - INFO - Downloading status wa 29 okt.jpg-info.json: 100%
2025-01-18 13:43:15,628 - INFO - Downloading ANDRIUS PRAING 09 DES.jpg: 100%
2025-01-18 13:43:16,889 - INFO - Downloading 00246-1-SWP-P-PS1-200 HR-07-400 WP (CUST PRICE-.pdf: 100%
2025-01-18 13:43:17,692 - INFO - Downloading Call Agus Ghozali 08 Nov.jpg-info.json: 100%
2025-01-18 13:43:18,472 - INFO - Downloading bukti calk dedi 1 nov.jpg-info.json: 100%
2025-01-18 13:43:19,790 - INFO - Downloading PENAWARAN HARGA OGI 05 DES.jpg: 100%
2025-01-18 13:43:21,106 - INFO - Downloading Status Wa 20 nov.jpg: 100%
2025-01-18 13:43:22,759 - INFO - Downloading 00474-Project-Desa-Halerman---Alor,-NTT_Guntur-.pdf: 100%
2025-01-18 13:43:25,707 - INFO - Downloading 00395-1-SWP-P-PS2-200 3-9 SET-400 WP (PRICELIS.xlsx: 100%
2025-01-18 13:43:27,059 - INFO - Downloading 00465-Desa-Kuta-Dome---Sumatera-Utara_Hendri-Li.pdf: 100%
2025-01-18 13:43:28,196 - INFO - Downloading Jalil 15 nov.jpg: 100%
2025-01-18 13:43:28,980 - INFO - Downloading 00496-Project-Yalimo--Papua-Pegunungan_Wasarea.json: 100%
2025-01-18 13:43:31,235 - INFO - Downloading bukti call Bpk Eman -22 okt.jpg: 100%
2025-01-18 13:43:32,326 - INFO - Downloading Bukti Call -Luthfi Aditama -23 okt.jpg-info.json: 100%
2025-01-18 13:43:33,117 - INFO - Downloading 00397-Majene-Sulawesi-Barat_Bpk.-Sarkasi,-ST_M.json: 100%
2025-01-18 13:43:34,079 - INFO - Downloading SUHAIB 06 DES .jpg: 100%
2025-01-18 13:43:34,874 - INFO - Downloading STATUS WA 28 NOV.jpg-info.json: 100%
2025-01-18 13:43:35,794 - INFO - Downloading STATUS 10 DES.jpg-info.json: 100%
2025-01-18 13:43:36,955 - INFO - Downloading Roby 22 nov.jpg-info.json: 100%
2025-01-18 13:43:37,797 - INFO - Downloading 00270-SWP-P-PS2 1800 8-7 SET-1.800 WP (PRICELI.json: 100%
2025-01-18 13:43:38,841 - INFO - Downloading Asir 11 Nov fix.jpg-info.json: 100%
2025-01-18 13:43:40,910 - INFO - Downloading 00029-JASA-SURVEY PLTS (CUST PRICE-S)-06-24-AT.xlsx: 100%
2025-01-18 13:43:42,488 - INFO - Downloading 00496-3-SWP-P-PSk3-7 12-15 SET - 19.800 WP (PRI.pdf: 100%
2025-01-18 13:43:43,302 - INFO - Downloading SUMARDI 11 DES.jpg-info.json: 100%
2025-01-18 13:43:46,181 - INFO - Downloading 00268-SWP-P-PS2 1800 8-7 SET-1.800 WP (PRICELI.xlsx: 100%
2025-01-18 13:43:47,568 - INFO - Downloading 00254-1-SWP-P-S1-200 HR-07-400 WP (PRICELIST-S).pdf: 100%
2025-01-18 13:43:48,703 - INFO - Downloading STATUS WA 29 NOV.jpg: 100%
2025-01-18 13:43:49,470 - INFO - Downloading NURDIN 12 DES.jpg-info.json: 100%
2025-01-18 13:43:50,928 - INFO - Downloading 00249-Project-Desa-Amarasi-Kupang_Bp.-Willy_Kup.pdf: 100%
2025-01-18 13:43:51,870 - INFO - Downloading Bukti call Konisas 29 okt.jpg-info.json: 100%
2025-01-18 13:43:53,012 - INFO - Downloading JUPRI 16DES.jpg: 100%
2025-01-18 13:43:54,624 - INFO - Downloading 00472-2-SWP-P-PS2-4000 8-15 SET-6000 WP (CUST P.pdf: 100%
2025-01-18 13:43:55,770 - INFO - Downloading Vincent 18 nov.jpg: 100%
2025-01-18 13:43:57,927 - INFO - Downloading 00486-Project-Desa-Ngadu-Bolu---Sumba-Tengah_Su.pdf: 100%
2025-01-18 13:43:59,013 - INFO - Downloading 04-10-24 BUKTI PEMBUATAN PENAWARAN PAK SUKRISNO.png: 100%
2025-01-18 13:44:00,234 - INFO - Downloading bukti call boby tegar 06 nov.jpg-info.json: 100%
2025-01-18 13:44:01,050 - INFO - Downloading DABY 05 DES.jpg-info.json: 100%
2025-01-18 13:44:02,043 - INFO - Downloading 00248-1-SWP-P-PS2 150 5-8 SET-600 WP (CUST PRI.json: 100%
2025-01-18 13:44:03,452 - INFO - Downloading 0023-FORM CHECKLIST PERALATAN & PERLENGKAPAN-SU.pdf: 100%
2025-01-18 13:44:04,699 - INFO - Downloading 00291-SWP-P-PS2-1800 1-25 SET-4.000 WP (PRICEL(1).json: 100%
2025-01-18 13:44:05,787 - INFO - Downloading 11-10-24 BUKTI PEMBUATAN PENAWARAN JASA CLEANI.json: 100%
2025-01-18 13:44:06,833 - INFO - Downloading 00261-1-SWP-P-PS2-4000 5-25 SET-8.925 WP (CUST.json: 100%
2025-01-18 13:44:08,240 - INFO - Downloading 00291-SWP-P-PS2-1800 1-25 SET-4.000 WP (PRICELI.pdf: 100%
2025-01-18 13:44:09,267 - INFO - Downloading bukti pembuatan penawaran BEHN MEYER-21 OKT.jpg: 100%
2025-01-18 13:44:10,034 - INFO - Downloading 00474-2-SWP-P-PS2-4000 3-32 SET-(TANPA SOLAR P.json: 100%
2025-01-18 13:44:10,841 - INFO - Downloading 00271-Project-Anapalu_Bp.-Frets_Waikabubak_68m.json: 100%
2025-01-18 13:44:11,791 - INFO - Downloading 00424-1-OFG-11.000 WP-10 KWH-LITH (CUST PRICE-.json: 100%
2025-01-18 13:44:12,994 - INFO - Downloading NOTULEN MEETING STANDARISASI SKP 09 OKT 2024.jpg: 100%
2025-01-18 13:44:14,227 - INFO - Downloading bukti call bingkros pairie.jpg: 100%
2025-01-18 13:44:15,110 - INFO - Downloading 00256-Project-Lumajang_Bp.-Harianto_Lumajang_1.json: 100%
2025-01-18 13:44:16,109 - INFO - Downloading Bukti Call Dadang 30 okt.jpg-info.json: 100%
2025-01-18 13:44:17,043 - INFO - Downloading 04-10-24 BUKTI PEMBUATAN PAK SARKASI- SULBAR.png: 100%
2025-01-18 13:44:18,921 - INFO - Downloading 00463-1-SWP-P-PS2-4000 5-25 SET-7.200 WP (PRIC.json: 100%
2025-01-18 13:44:19,786 - INFO - Downloading bukti call hadirin 05 nov.jpg: 100%
2025-01-18 13:44:21,442 - INFO - Downloading 00473-Project-Desa-Halerman---Alor,-NTT_Guntur-.pdf: 100%
2025-01-18 13:44:24,819 - INFO - Downloading 00424-1-OFG-11.000 WP-10 KWH-LITH (CUST PRICE-.xlsx: 100%
2025-01-18 13:44:26,059 - INFO - Downloading 00422-OFG-5.500 WP-BATTERYLESS (CUST PRICE-V)-.json: 100%
2025-01-18 13:44:28,238 - INFO - Downloading 00457-Project-Dili---Timor-Leste_Novi_Dili_82m_.pdf: 100%
2025-01-18 13:44:29,268 - INFO - Downloading Jalil Namugur 12 nov.jpg-info.json: 100%
2025-01-18 13:44:30,214 - INFO - Downloading STATUS WA 03 DES.jpg: 100%
2025-01-18 13:44:31,209 - INFO - Downloading PENAWARAN HARGA YONGKY-09 DES.jpg: 100%
2025-01-18 13:44:32,432 - INFO - Downloading Call adi malolo 08 nov.jpg-info.json: 100%
2025-01-18 13:44:34,988 - INFO - Downloading 00197-ACC-AKSESORIS ON GRID 25 KWP (CUST PRICE.xlsx: 100%
2025-01-18 13:44:35,915 - INFO - Downloading 00495-WASIOR_IBU JUMIATI_1.600Wp.pdf-info.json: 100%
2025-01-18 13:44:36,994 - INFO - Downloading facebook 20 nov.jpg: 100%
2025-01-18 13:44:37,891 - INFO - Downloading Call adi malolo 08 nov.jpg: 100%
2025-01-18 13:44:38,826 - INFO - Downloading Muhajir 26 nov.jpg-info.json: 100%
2025-01-18 13:44:39,829 - INFO - Downloading call yusuf pangandaran 07 nov.jpg: 100%
2025-01-18 13:44:41,376 - INFO - Downloading 00295-SWP-P-PSk2-21 8-50-30.600 WP (PRICELIST-.xlsx: 100%
2025-01-18 13:44:42,235 - INFO - Downloading 00293-SWP-P-PS2-4000 5-25 SET- 8.400 WP (PRICE(1).json: 100%
2025-01-18 13:44:43,159 - INFO - Downloading 00424-3-OFG-11.000 WP-10 KWH-LITH (CUST PRICE-.json: 100%
2025-01-18 13:44:44,260 - INFO - Downloading Ari waikabubak 07 nov.jpg: 100%
2025-01-18 13:44:45,206 - INFO - Downloading 00407-OFG-3.300 WP-BATTERYLESS (CUST PRICE-V)-.json: 100%
2025-01-18 13:44:46,399 - INFO - Downloading Kace waratmas 19 nov.jpg: 100%
2025-01-18 13:44:47,214 - INFO - Downloading bukti call boby 01 nov.jpg: 100%
2025-01-18 13:44:48,044 - INFO - Downloading Bukti Call Faisal nagan raya -28 okt.jpg: 100%
2025-01-18 13:44:48,944 - INFO - Downloading Bukti Call Richardo 29 okt.jpg-info.json: 100%
2025-01-18 13:44:49,994 - INFO - Downloading status wa 29 okt.jpg: 100%
2025-01-18 13:44:51,257 - INFO - Downloading 0023-FORM CHECKLIST PERALATAN & PERLENGKAPAN-S.json: 100%
2025-01-18 13:44:52,540 - INFO - Downloading Marthyn 18 nov.jpg: 100%
2025-01-18 13:44:53,741 - INFO - Downloading Boby Junaidi 18 nov.jpg-info.json: 100%
2025-01-18 13:44:56,079 - INFO - Downloading status wa 06 nov.jpg-info.json: 100%
2025-01-18 13:44:57,187 - INFO - Downloading JUAN BIRINK 28 NOV.jpg: 100%
2025-01-18 13:44:58,604 - INFO - Downloading Bone 25 nov.jpg-info.json: 100%
2025-01-18 13:44:59,591 - INFO - Downloading SUHAIB 05 DES.jpg: 100%
2025-01-18 13:45:00,412 - INFO - Downloading bukti  call boby 01 nov .jpg-info.json: 100%
2025-01-18 13:45:02,281 - INFO - Downloading DOKUMENTASI CALL REPORT VIVI-info.json: 100%
2025-01-18 13:45:03,451 - INFO - Downloading DOKUMENTASI CALL REPORT VIVI.xlsx: 100%
2025-01-18 13:45:04,261 - INFO - Downloading 00193-1-ACC-PV DISCONNECT (CUST PRICE-V)-12-24(2).json: 100%
2025-01-18 13:45:05,355 - INFO - Downloading 00473-SWP-P-PS2-4000 3-32 SET-4800 WP (PRICELI(2).json: 100%
2025-01-18 13:45:06,129 - INFO - Downloading 00193-1-ACC-PV DISCONNECT (CUST PRICE-V)-12-24.json: 100%
2025-01-18 13:45:07,276 - INFO - Downloading 00473-SWP-P-PS2-4000 3-32 SET-4800 WP (PRICELIS(2).pdf: 100%
2025-01-18 13:45:13,379 - INFO - Downloading 00422-OFG-5.500 WP-BATTERYLESS (CUST PRICE-V)-.xlsx: 100%
2025-01-18 13:45:14,521 - INFO - Downloading YACOBSON 3.jpg-info.json: 100%
2025-01-18 13:45:15,436 - INFO - Downloading 00498-2-SWP-P-PS2-4000 5-25 SET- 6.000 WP (CUS.json: 100%
2025-01-18 13:45:16,235 - INFO - Downloading 00498-SWP-P-PS2-4000 5-25 SET- 6.000 WP (PRICE.json: 100%
2025-01-18 13:45:17,062 - INFO - Downloading JOHAN 04 DES.jpg-info.json: 100%
2025-01-18 13:45:18,077 - INFO - Downloading 00486-1-SWP-P-PS2-1800 1-25 SET-2.800 WP (CUST.json: 100%
2025-01-18 13:45:19,981 - INFO - Downloading 00473-SWP-P-PS2-4000 3-32 SET-4800 WP (PRICELIS.pdf: 100%
2025-01-18 13:45:21,162 - INFO - Downloading mso18B8.tmp: 100%
2025-01-18 13:45:24,114 - INFO - Downloading 00496-Project-Yalimo---Papua_Wasareak_Wamena_70.pdf: 100%
2025-01-18 13:45:24,967 - INFO - Downloading 00473-1-SWP-P-PS2-4000 3-32 SET-4800 WP (CUST .json: 100%
2025-01-18 13:45:26,277 - INFO - Downloading 00193-1-ACC-PV DISCONNECT (CUST PRICE-V)-12-24(1).json: 100%
2025-01-18 13:45:28,786 - INFO - Downloading 00198-1-ACC-AKSESORIS HYBRID 5500 WP (CUST PRI(1).xlsx: 100%
2025-01-18 13:45:30,282 - INFO - Downloading 00498-SWP-P-PS2-4000 5-25 SET- 6.000 WP (PRICEL.pdf: 100%
2025-01-18 13:45:31,269 - INFO - Downloading 00474-4-SWP-P-PS2-4000 3-32 SET-(TANPA SOLAR P.json: 100%
2025-01-18 13:45:32,269 - INFO - Downloading 00424-OFG-5.500 WP-10 KWH-LITH (CUST PRICE-V)-.json: 100%
2025-01-18 13:45:33,898 - INFO - Downloading 00486-2-SWP-P-PS2-1800 1-25 SET-2.800 WP (CUST .pdf: 100%
2025-01-18 13:45:35,291 - INFO - Downloading 008-EPD-SALES-12-24-VIVI-SURVEY PLTS BPK. JOHA.xlsx: 100%
2025-01-18 13:45:36,391 - INFO - Downloading msoAAB.tmp: 100%
2025-01-18 13:45:37,531 - INFO - Downloading msoCCDE.tmp-info.json: 100%
2025-01-18 13:45:38,940 - INFO - Downloading mso12D0.tmp: 100%
2025-01-18 13:45:41,827 - INFO - Downloading 00198-ACC-AKSESORIS HYBRID 5500 WP (CUST PRICE.xlsx: 100%
2025-01-18 13:45:42,765 - INFO - Downloading VIVI-info.json: 100%
2025-01-18 13:45:44,044 - INFO - Downloading 00198-1-ACC-AKSESORIS HYBRID 5500 WP (CUST PRI(1).json: 100%
2025-01-18 13:45:49,573 - INFO - Downloading mso12D0.tmp-info.json: 100%
2025-01-18 13:45:52,660 - INFO - Downloading 00198-1-ACC-AKSESORIS HYBRID 5500 WP (CUST PRI.xlsx: 100%
2025-01-18 13:45:54,197 - INFO - Downloading 00486-1-SWP-P-PS2-1800 1-25 SET-1.800 WP (CUST.json: 100%
2025-01-18 13:45:56,812 - INFO - Downloading 00498-2-SWP-P-PS2-4000 5-25 SET- 6.000 WP (CUST.pdf: 100%
2025-01-18 13:45:58,598 - INFO - Downloading 00198-1-ACC-AKSESORIS HYBRID 5500 WP (CUST PRIC.pdf: 100%
2025-01-18 13:46:00,331 - INFO - Downloading 00193-1-ACC-PV DISCONNECT (CUST PRICE-V)-12-24.xlsx: 100%
2025-01-18 13:46:02,237 - INFO - Downloading msoB027.tmp: 100%
2025-01-18 13:46:03,208 - INFO - Downloading YACOBSON 3.jpg: 100%
2025-01-18 13:46:03,918 - INFO - Downloading msoB027.tmp-info.json: 100%
2025-01-18 13:46:05,117 - INFO - Downloading 00198-1-ACC-AKSESORIS HYBRID 5500 WP (CUST PRI.json: 100%
2025-01-18 13:46:06,131 - INFO - Downloading 00474-10-SWP-P-PS2-4000 3-32 SET-(TANPA SOLAR .json: 100%
2025-01-18 13:46:06,905 - INFO - Downloading 00495-SWP-PS2 600 CS-F4-3 SET-1.600 WP (CUST P.json: 100%
2025-01-18 13:46:09,467 - INFO - Downloading 00489-SWP-P-PS2-1800 8-7 SET-2.800 WP (PRICELI.xlsx: 100%
2025-01-18 13:46:11,890 - INFO - Downloading 00486-1-SWP-P-PS2-1800 1-25 SET-1.800 WP (CUST.xlsx: 100%
2025-01-18 13:46:13,335 - INFO - Downloading 00193-1-ACC-PV DISCONNECT (CUST PRICE-V)-12-24-.pdf: 100%
2025-01-18 13:46:14,508 - INFO - Downloading 00473-SWP-P-PS2-4000 3-32 SET-4800 WP (PRICELI(1).json: 100%
2025-01-18 13:46:17,218 - INFO - Downloading 00424-OFG-5.500 WP-10 KWH-LITH (CUST PRICE-V)-.xlsx: 100%
2025-01-18 13:46:21,627 - INFO - Downloading 00495-SWP-PS2 600 CS-F4-3 SET-1.600 WP (CUST P.xlsx: 100%
2025-01-18 13:46:23,562 - INFO - Downloading 00474-4-SWP-P-PS2-4000 3-32 SET-(TANPA SOLAR PA.pdf: 100%
2025-01-18 13:46:25,318 - INFO - Downloading 00486-2-SWP-P-PS2-1800 1-25 SET-2.800 WP (CUST(1).json: 100%
2025-01-18 13:46:26,244 - INFO - Downloading 008-EPD-SALES-12-24-VIVI-SURVEY PLTS BPK. JOHA.json: 100%
2025-01-18 13:46:27,863 - INFO - Downloading 00473-SWP-P-PS2-4000 3-32 SET-4800 WP (PRICELIS(1).pdf: 100%
2025-01-18 13:46:28,871 - INFO - Downloading JOHAN 04 DES.jpg: 100%
2025-01-18 13:46:31,208 - INFO - Downloading 00474-10-SWP-P-PS2-4000 3-32 SET-(TANPA SOLAR .xlsx: 100%
2025-01-18 13:46:32,449 - INFO - Downloading 00486-2-SWP-P-PS2-1800 1-25 SET-2.800 WP (CUST.json: 100%
2025-01-18 13:46:33,368 - INFO - Downloading 00422-OFG-5.500 WP-BATTERYLESS (CUST PRICE-V)-.json: 100%
2025-01-18 13:46:34,164 - INFO - Downloading msoAAB.tmp-info.json: 100%
2025-01-18 13:46:35,693 - INFO - Downloading 00193-1-ACC-PV DISCONNECT (CUST PRICE-V)-12-24-(1).pdf: 100%
2025-01-18 13:46:36,527 - INFO - Downloading 00496-Project-Yalimo---Papua_Wasareak_Wamena_7.json: 100%
2025-01-18 13:46:39,399 - INFO - Downloading 00486-1-SWP-P-PS2-1800 1-25 SET-2.800 WP (CUST.xlsx: 100%
2025-01-18 13:46:40,355 - INFO - Downloading Zoom.lnk: 100%
2025-01-18 13:46:42,753 - INFO - Downloading 00486-2-SWP-P-PS2-1800 1-25 SET-2.800 WP (CUST.xlsx: 100%
2025-01-18 13:46:43,909 - INFO - Downloading 00198-ACC-AKSESORIS HYBRID 5500 WP (CUST PRICE.json: 100%
2025-01-18 13:46:44,738 - INFO - Downloading 00473-SWP-P-PS2-4000 3-32 SET-4800 WP (PRICELI.json: 100%
2025-01-18 13:46:46,511 - INFO - Downloading 00489-SWP-P-PS2-1800 8-7 SET-2.800 WP (PRICELI.json: 100%
2025-01-18 13:46:48,118 - INFO - Downloading 00486-2-SWP-P-PS2-1800 1-25 SET-2.800 WP (CUST(1).xlsx: 100%
2025-01-18 13:46:50,913 - INFO - Downloading 00473-1-SWP-P-PS2-4000 3-32 SET-4800 WP (CUST .xlsx: 100%
2025-01-18 13:46:52,104 - INFO - Downloading mso18B8.tmp-info.json: 100%
2025-01-18 13:46:53,089 - INFO - Downloading 00486-2-SWP-P-PS2-1800 1-25 SET-2.800 WP (CUST(2).json: 100%
2025-01-18 13:46:54,375 - INFO - Downloading msoCCDE.tmp: 100%
2025-01-18 13:46:55,499 - INFO - Downloading Zoom.lnk-info.json: 100%
2025-01-18 13:46:56,588 - INFO - Downloading 00198-1-ACC-AKSESORIS HYBRID 5500 WP (CUST PRI(2).json: 100%
2025-01-18 13:46:58,179 - INFO - Downloading 00397-SWP-P-PS2-1800 5-12 SET-1.800 WP (PRICE L.pdf: 100%
2025-01-18 13:46:58,926 - INFO - Downloading SALES.html: 100%
2025-01-18 13:46:59,805 - INFO - Downloading 00395-SWP-P-PS2-200 3-9 SET-400 WP (PRICELIST-.json: 100%
2025-01-18 13:47:00,590 - INFO - Downloading VIVI-info.json: 100%
2025-01-18 13:47:01,531 - INFO - Downloading SALES-info.json: 100%
2025-01-18 13:47:02,800 - INFO - Downloading 00397-SWP-P-PS2-1800 5-12 SET-1.800 WP (PRICE .json: 100%
2025-01-18 13:47:05,653 - INFO - Downloading 00395-SWP-P-PS2-200 3-9 SET-400 WP (PRICELIST-.xlsx: 100%
2025-01-18 13:47:07,285 - INFO - Downloading Untitled spreadsheet.xlsx: 100%
2025-01-18 13:47:10,170 - INFO - Downloading OFG-479.600 WP-320 KWH-LITH (TANPA PASANG) (CU.xlsx: 100%
2025-01-18 13:47:11,262 - INFO - Downloading OFG-479.600 WP-320 KWH-LITH (TANPA PASANG) (CU.json: 100%
2025-01-18 13:47:12,013 - INFO - Downloading 00394-SWP-P-PS2-1800 1-25 SET-1800 WP (PRICELI.json: 100%
2025-01-18 13:47:13,361 - INFO - Downloading DATA BASE CUSTOMER VIVI.xlsx: 100%
2025-01-18 13:47:14,260 - INFO - Downloading DATA BASE CUSTOMER VIVI-info.json: 100%
2025-01-18 13:47:16,636 - INFO - Downloading 00394-SWP-P-PS2-1800 1-25 SET-1800 WP (PRICELI.xlsx: 100%
2025-01-18 13:47:17,723 - INFO - Downloading 00411-OFG-2.000 WP-2 KWH-VRLA (CUST PRICE-V)-1.json: 100%
2025-01-18 13:47:19,461 - INFO - Downloading 00411-OFG-2.000 WP-2 KWH-VRLA (CUST PRICE-V)-1.xlsx: 100%
2025-01-18 13:47:20,498 - INFO - Downloading Untitled spreadsheet-info.json: 100%
2025-01-18 13:47:20,502 - INFO - Download completed for rohmat@atonergi.com
2025-01-18 13:47:20,503 - INFO - Starting extraction of temp\rohmat@atonergi.com_drive.zip
2025-01-18 13:47:21,323 - INFO - Extraction completed
2025-01-18 13:47:21,323 - INFO - Starting upload process to dm01@rejaton.com
2025-01-18 13:47:23,892 - INFO - Uploaded: 00394-SWP-P-PS2-1800 1-25 SET-1800 WP (PRICELI.json
2025-01-18 13:47:27,191 - INFO - Uploaded: 00394-SWP-P-PS2-1800 1-25 SET-1800 WP (PRICELI.xlsx
2025-01-18 13:47:29,283 - INFO - Uploaded: 00395-SWP-P-PS2-200 3-9 SET-400 WP (PRICELIST-.json
2025-01-18 13:47:32,352 - INFO - Uploaded: 00395-SWP-P-PS2-200 3-9 SET-400 WP (PRICELIST-.xlsx
2025-01-18 13:47:34,508 - INFO - Uploaded: 00397-SWP-P-PS2-1800 5-12 SET-1.800 WP (PRICE .json
2025-01-18 13:47:37,068 - INFO - Uploaded: 00397-SWP-P-PS2-1800 5-12 SET-1.800 WP (PRICE L.pdf
2025-01-18 13:47:38,939 - INFO - Uploaded: 00411-OFG-2.000 WP-2 KWH-VRLA (CUST PRICE-V)-1.json
2025-01-18 13:47:40,881 - INFO - Uploaded: 00411-OFG-2.000 WP-2 KWH-VRLA (CUST PRICE-V)-1.xlsx
2025-01-18 13:47:43,026 - INFO - Uploaded: DATA BASE CUSTOMER VIVI-info.json
2025-01-18 13:47:44,996 - INFO - Uploaded: DATA BASE CUSTOMER VIVI.xlsx
2025-01-18 13:47:51,363 - INFO - Uploaded: customer_db.mdb
2025-01-18 13:47:53,360 - INFO - Uploaded: customer_db.mdb-info.json
2025-01-18 13:47:53,361 - INFO - Uploaded: Database
2025-01-18 13:47:55,418 - INFO - Uploaded: Database-info.json
2025-01-18 13:47:59,451 - INFO - Uploaded: LORENTZ_PS2-1800_hre-14h_ pi_en_ver310240.pdf
2025-01-18 13:48:01,796 - INFO - Uploaded: LORENTZ_PS2-1800_hre-14h_ pi_en_ver310240.pdf-.json
2025-01-18 13:48:01,798 - INFO - Uploaded: Pump systems
2025-01-18 13:48:04,136 - INFO - Uploaded: Pump systems-info.json
2025-01-18 13:48:04,137 - INFO - Uploaded: Datasheets
2025-01-18 13:48:06,288 - INFO - Uploaded: Datasheets-info.json
2025-01-18 13:48:09,988 - INFO - Uploaded: atonergi.png
2025-01-18 13:48:12,032 - INFO - Uploaded: atonergi.png-info.json
2025-01-18 13:48:14,510 - INFO - Uploaded: lorentz_logo.gif
2025-01-18 13:48:16,656 - INFO - Uploaded: lorentz_logo.gif-info.json
2025-01-18 13:48:16,658 - INFO - Uploaded: Logos
2025-01-18 13:48:18,754 - INFO - Uploaded: Logos-info.json
2025-01-18 13:48:21,608 - INFO - Uploaded: Project-BIDOA_Bp.-Willyam_Bajawa_100m_33cbm_5,.json
2025-01-18 13:48:23,946 - INFO - Uploaded: Project-BIDOA_Bp.-Willyam_Bajawa_100m_33cbm_5,6.pdf
2025-01-18 13:48:26,194 - INFO - Uploaded: Project-DHAWE_Bp.-Willyam_Bajawa_125m_15cbm_4,.json
2025-01-18 13:48:28,713 - INFO - Uploaded: Project-DHAWE_Bp.-Willyam_Bajawa_125m_15cbm_4,0.pdf
2025-01-18 13:48:30,861 - INFO - Uploaded: Project-DHEREISA_Bp.-Willyam_Bajawa_230m_73cbm.json
2025-01-18 13:48:33,127 - INFO - Uploaded: Project-DHEREISA_Bp.-Willyam_Bajawa_230m_73cbm_.pdf
2025-01-18 13:48:35,124 - INFO - Uploaded: Project-GERODHERE_Bp.-Willyam_Bajawa_90m_135cb.json
2025-01-18 13:48:37,952 - INFO - Uploaded: Project-GERODHERE_Bp.-Willyam_Bajawa_90m_135cbm.pdf
2025-01-18 13:48:39,951 - INFO - Uploaded: PROJECT-GERODHERE_Bp.-Willyam_Bajawa_90m_94cbm.json
2025-01-18 13:48:42,350 - INFO - Uploaded: PROJECT-GERODHERE_Bp.-Willyam_Bajawa_90m_94cbm_.pdf
2025-01-18 13:48:44,536 - INFO - Uploaded: Project-KOTAKEO-I_Bp.-Willyam_Bajawa_105m_37cb.json
2025-01-18 13:48:47,105 - INFO - Uploaded: Project-KOTAKEO-I_Bp.-Willyam_Bajawa_105m_37cbm.pdf
2025-01-18 13:48:49,347 - INFO - Uploaded: Project-LAPE_Bp.-Willyam_Bajawa_110m_41cbm_8,4.json
2025-01-18 13:48:51,566 - INFO - Uploaded: Project-LAPE_Bp.-Willyam_Bajawa_110m_41cbm_8,40.pdf
2025-01-18 13:48:53,695 - INFO - Uploaded: Project-MBAY I_Bp.-Willyam_Bajawa_75m_44cbm_7,.json
2025-01-18 13:48:56,272 - INFO - Uploaded: Project-MBAY I_Bp.-Willyam_Bajawa_75m_44cbm_7,2.pdf
2025-01-18 13:48:58,286 - INFO - Uploaded: Project-MBAY-I_Bp.-Willyam_Bajawa_75m_45cbm_6,.json
2025-01-18 13:49:00,739 - INFO - Uploaded: Project-MBAY-I_Bp.-Willyam_Bajawa_75m_45cbm_6,0.pdf
2025-01-18 13:49:03,392 - INFO - Uploaded: Project-NAGEOGA_Bp.-Willyam_Bajawa_92m_34cbm_5,.pdf
2025-01-18 13:49:05,679 - INFO - Uploaded: Project-NAGEOGA_Bp.-Willyam_Bajawa_92m_34cbm_5.json
2025-01-18 13:49:08,081 - INFO - Uploaded: Project-NGGOLOMBAY_Bp.-Willyam_Bajawa_67m_31cb.json
2025-01-18 13:49:10,660 - INFO - Uploaded: Project-NGGOLOMBAY_Bp.-Willyam_Bajawa_67m_31cbm.pdf
2025-01-18 13:49:12,926 - INFO - Uploaded: Project-NGGOLONIO_Bp.-Willyam_Bajawa_102m_68cb.json
2025-01-18 13:49:15,431 - INFO - Uploaded: Project-NGGOLONIO_Bp.-Willyam_Bajawa_102m_68cbm.pdf
2025-01-18 13:49:17,479 - INFO - Uploaded: Project-PAGOMOGO_Bp.-Willyam_Bajawa_105m_30cbm.json
2025-01-18 13:49:19,802 - INFO - Uploaded: Project-PAGOMOGO_Bp.-Willyam_Bajawa_105m_30cbm_.pdf
2025-01-18 13:49:23,639 - INFO - Uploaded: Project-PAGOMOGO_Bp.-Willyam_Bajawa_105m_33cbm.json
2025-01-18 13:49:26,295 - INFO - Uploaded: Project-PAGOMOGO_Bp.-Willyam_Bajawa_105m_33cbm_.pdf
2025-01-18 13:49:28,530 - INFO - Uploaded: Project-Tedakisa_Bp.-Willyam_Bajawa_102m_32cbm.json
2025-01-18 13:49:31,018 - INFO - Uploaded: Project-Tedakisa_Bp.-Willyam_Bajawa_102m_32cbm_.pdf
2025-01-18 13:49:32,961 - INFO - Uploaded: Project-WAEKOKAK_Bp.-Willyam_Bajawa_102m_34cbm.json
2025-01-18 13:49:35,512 - INFO - Uploaded: Project-WAEKOKAK_Bp.-Willyam_Bajawa_102m_34cbm_.pdf
2025-01-18 13:49:37,676 - INFO - Uploaded: Project-Wajo-Sulawesi-Selatan_Bp.-Andi-Baharud.json
2025-01-18 13:49:40,034 - INFO - Uploaded: Project-Wajo-Sulawesi-Selatan_Bp.-Andi-Baharudd.pdf
2025-01-18 13:49:42,202 - INFO - Uploaded: Project-WOLOWESA-TIMUR_Bp.-Willyam_Bajawa_60m_.json
2025-01-18 13:49:44,703 - INFO - Uploaded: Project-WOLOWESA-TIMUR_Bp.-Willyam_Bajawa_60m_2.pdf
2025-01-18 13:49:46,782 - INFO - Uploaded: Project-WOLOWESA_Bp.-Willyam_Bajawa_90m_99cbm_.json
2025-01-18 13:49:49,242 - INFO - Uploaded: Project-WOLOWESA_Bp.-Willyam_Bajawa_90m_99cbm_1.pdf
2025-01-18 13:49:49,244 - INFO - Uploaded: Reports
2025-01-18 13:49:51,360 - INFO - Uploaded: Reports-info.json
2025-01-18 13:49:51,362 - INFO - Uploaded: LORENTZ COMPASS
2025-01-18 13:49:53,591 - INFO - Uploaded: LORENTZ COMPASS-info.json
2025-01-18 13:49:55,577 - INFO - Uploaded: Youcam-info.json
2025-01-18 13:49:55,578 - INFO - Uploaded: Documents
2025-01-18 13:49:57,857 - INFO - Uploaded: Documents-info.json
2025-01-18 13:49:57,859 - INFO - Uploaded: My Laptop
2025-01-18 13:50:01,832 - INFO - Uploaded: COMPASS.appref-ms-info.json
2025-01-18 13:50:04,118 - INFO - Uploaded: COMPASS.appref-ms.mp3
2025-01-18 13:50:06,247 - INFO - Uploaded: Excel.lnk
2025-01-18 13:50:08,472 - INFO - Uploaded: Excel.lnk-info.json
2025-01-18 13:50:10,506 - INFO - Uploaded: Google Docs.lnk
2025-01-18 13:50:12,872 - INFO - Uploaded: Google Docs.lnk-info.json
2025-01-18 13:50:15,075 - INFO - Uploaded: Google Drive.lnk
2025-01-18 13:50:17,171 - INFO - Uploaded: Google Drive.lnk-info.json
2025-01-18 13:50:19,278 - INFO - Uploaded: Google Sheets.lnk
2025-01-18 13:50:21,391 - INFO - Uploaded: Google Sheets.lnk-info.json
2025-01-18 13:50:23,644 - INFO - Uploaded: Google Slides.lnk
2025-01-18 13:50:25,842 - INFO - Uploaded: Google Slides.lnk-info.json
2025-01-18 13:50:27,963 - INFO - Uploaded: omahkayu. - Chrome.lnk
2025-01-18 13:50:30,150 - INFO - Uploaded: omahkayu. - Chrome.lnk-info.json
2025-01-18 13:50:32,446 - INFO - Uploaded: PowerPoint.lnk
2025-01-18 13:50:34,554 - INFO - Uploaded: PowerPoint.lnk-info.json
2025-01-18 13:50:36,746 - INFO - Uploaded: Word.lnk
2025-01-18 13:50:38,905 - INFO - Uploaded: Word.lnk-info.json
2025-01-18 13:50:41,274 - INFO - Uploaded: Zoom Workplace.lnk
2025-01-18 13:50:43,231 - INFO - Uploaded: Zoom Workplace.lnk-info.json
2025-01-18 13:50:43,233 - INFO - Uploaded: Desktop
2025-01-18 13:50:45,438 - INFO - Uploaded: Desktop-info.json
2025-01-18 13:50:45,439 - INFO - Uploaded: My Laptop (1)
2025-01-18 13:50:47,591 - INFO - Uploaded: OFG-479.600 WP-320 KWH-LITH (TANPA PASANG) (CU.json
2025-01-18 13:50:51,965 - INFO - Uploaded: OFG-479.600 WP-320 KWH-LITH (TANPA PASANG) (CU.xlsx
2025-01-18 13:50:54,003 - INFO - Uploaded: SALES-info.json
2025-01-18 13:50:56,129 - INFO - Uploaded: SALES.html
2025-01-18 13:50:59,211 - INFO - Uploaded: 00193-1-ACC-PV DISCONNECT (CUST PRICE-V)-12-24(1).json
2025-01-18 13:51:01,309 - INFO - Uploaded: 00193-1-ACC-PV DISCONNECT (CUST PRICE-V)-12-24(2).json
2025-01-18 13:51:03,702 - INFO - Uploaded: 00193-1-ACC-PV DISCONNECT (CUST PRICE-V)-12-24-(1).pdf
2025-01-18 13:51:06,012 - INFO - Uploaded: 00193-1-ACC-PV DISCONNECT (CUST PRICE-V)-12-24-.pdf
2025-01-18 13:51:08,019 - INFO - Uploaded: 00193-1-ACC-PV DISCONNECT (CUST PRICE-V)-12-24.json
2025-01-18 13:51:10,075 - INFO - Uploaded: 00193-1-ACC-PV DISCONNECT (CUST PRICE-V)-12-24.xlsx
2025-01-18 13:51:12,345 - INFO - Uploaded: 00198-1-ACC-AKSESORIS HYBRID 5500 WP (CUST PRI(1).json
2025-01-18 13:51:16,214 - INFO - Uploaded: 00198-1-ACC-AKSESORIS HYBRID 5500 WP (CUST PRI(1).xlsx
2025-01-18 13:51:18,363 - INFO - Uploaded: 00198-1-ACC-AKSESORIS HYBRID 5500 WP (CUST PRI(2).json
2025-01-18 13:51:21,667 - INFO - Uploaded: 00198-1-ACC-AKSESORIS HYBRID 5500 WP (CUST PRI.json
2025-01-18 13:51:25,175 - INFO - Uploaded: 00198-1-ACC-AKSESORIS HYBRID 5500 WP (CUST PRI.xlsx
2025-01-18 13:51:27,537 - INFO - Uploaded: 00198-1-ACC-AKSESORIS HYBRID 5500 WP (CUST PRIC.pdf
2025-01-18 13:51:29,732 - INFO - Uploaded: 00198-ACC-AKSESORIS HYBRID 5500 WP (CUST PRICE.json
2025-01-18 13:51:33,731 - INFO - Uploaded: 00198-ACC-AKSESORIS HYBRID 5500 WP (CUST PRICE.xlsx
2025-01-18 13:51:35,807 - INFO - Uploaded: 00422-OFG-5.500 WP-BATTERYLESS (CUST PRICE-V)-.json
2025-01-18 13:51:39,577 - INFO - Uploaded: 00422-OFG-5.500 WP-BATTERYLESS (CUST PRICE-V)-.xlsx
2025-01-18 13:51:41,693 - INFO - Uploaded: 00424-OFG-5.500 WP-10 KWH-LITH (CUST PRICE-V)-.json
2025-01-18 13:51:45,163 - INFO - Uploaded: 00424-OFG-5.500 WP-10 KWH-LITH (CUST PRICE-V)-.xlsx
2025-01-18 13:51:47,429 - INFO - Uploaded: 00473-1-SWP-P-PS2-4000 3-32 SET-4800 WP (CUST .json
2025-01-18 13:51:50,370 - INFO - Uploaded: 00473-1-SWP-P-PS2-4000 3-32 SET-4800 WP (CUST .xlsx
2025-01-18 13:51:52,510 - INFO - Uploaded: 00473-SWP-P-PS2-4000 3-32 SET-4800 WP (PRICELI(1).json
2025-01-18 13:51:54,619 - INFO - Uploaded: 00473-SWP-P-PS2-4000 3-32 SET-4800 WP (PRICELI(2).json
2025-01-18 13:51:56,590 - INFO - Uploaded: 00473-SWP-P-PS2-4000 3-32 SET-4800 WP (PRICELI.json
2025-01-18 13:51:58,985 - INFO - Uploaded: 00473-SWP-P-PS2-4000 3-32 SET-4800 WP (PRICELIS(1).pdf
2025-01-18 13:52:01,112 - INFO - Uploaded: 00473-SWP-P-PS2-4000 3-32 SET-4800 WP (PRICELIS(2).pdf
2025-01-18 13:52:03,488 - INFO - Uploaded: 00473-SWP-P-PS2-4000 3-32 SET-4800 WP (PRICELIS.pdf
2025-01-18 13:52:05,426 - INFO - Uploaded: 00474-10-SWP-P-PS2-4000 3-32 SET-(TANPA SOLAR .json
2025-01-18 13:52:08,362 - INFO - Uploaded: 00474-10-SWP-P-PS2-4000 3-32 SET-(TANPA SOLAR .xlsx
2025-01-18 13:52:10,607 - INFO - Uploaded: 00474-4-SWP-P-PS2-4000 3-32 SET-(TANPA SOLAR P.json
2025-01-18 13:52:13,067 - INFO - Uploaded: 00474-4-SWP-P-PS2-4000 3-32 SET-(TANPA SOLAR PA.pdf
2025-01-18 13:52:15,493 - INFO - Uploaded: 00486-1-SWP-P-PS2-1800 1-25 SET-1.800 WP (CUST.json
2025-01-18 13:52:18,593 - INFO - Uploaded: 00486-1-SWP-P-PS2-1800 1-25 SET-1.800 WP (CUST.xlsx
2025-01-18 13:52:20,589 - INFO - Uploaded: 00486-1-SWP-P-PS2-1800 1-25 SET-2.800 WP (CUST.json
2025-01-18 13:52:23,668 - INFO - Uploaded: 00486-1-SWP-P-PS2-1800 1-25 SET-2.800 WP (CUST.xlsx
2025-01-18 13:52:25,781 - INFO - Uploaded: 00486-2-SWP-P-PS2-1800 1-25 SET-2.800 WP (CUST .pdf
2025-01-18 13:52:27,927 - INFO - Uploaded: 00486-2-SWP-P-PS2-1800 1-25 SET-2.800 WP (CUST(1).json
2025-01-18 13:52:30,838 - INFO - Uploaded: 00486-2-SWP-P-PS2-1800 1-25 SET-2.800 WP (CUST(1).xlsx
2025-01-18 13:52:33,053 - INFO - Uploaded: 00486-2-SWP-P-PS2-1800 1-25 SET-2.800 WP (CUST(2).json
2025-01-18 13:52:35,243 - INFO - Uploaded: 00486-2-SWP-P-PS2-1800 1-25 SET-2.800 WP (CUST.json
2025-01-18 13:52:38,311 - INFO - Uploaded: 00486-2-SWP-P-PS2-1800 1-25 SET-2.800 WP (CUST.xlsx
2025-01-18 13:52:40,506 - INFO - Uploaded: 00489-SWP-P-PS2-1800 8-7 SET-2.800 WP (PRICELI.json
2025-01-18 13:52:43,685 - INFO - Uploaded: 00489-SWP-P-PS2-1800 8-7 SET-2.800 WP (PRICELI.xlsx
2025-01-18 13:52:45,821 - INFO - Uploaded: 00495-SWP-PS2 600 CS-F4-3 SET-1.600 WP (CUST P.json
2025-01-18 13:52:47,896 - INFO - Uploaded: 00495-SWP-PS2 600 CS-F4-3 SET-1.600 WP (CUST P.xlsx
2025-01-18 13:52:50,140 - INFO - Uploaded: 00496-Project-Yalimo---Papua_Wasareak_Wamena_7.json
2025-01-18 13:52:52,415 - INFO - Uploaded: 00496-Project-Yalimo---Papua_Wasareak_Wamena_70.pdf
2025-01-18 13:52:54,593 - INFO - Uploaded: 00498-2-SWP-P-PS2-4000 5-25 SET- 6.000 WP (CUS.json
2025-01-18 13:52:56,914 - INFO - Uploaded: 00498-2-SWP-P-PS2-4000 5-25 SET- 6.000 WP (CUST.pdf
2025-01-18 13:52:59,108 - INFO - Uploaded: 00498-SWP-P-PS2-4000 5-25 SET- 6.000 WP (PRICE.json
2025-01-18 13:53:01,581 - INFO - Uploaded: 00498-SWP-P-PS2-4000 5-25 SET- 6.000 WP (PRICEL.pdf
2025-01-18 13:53:03,788 - INFO - Uploaded: 008-EPD-SALES-12-24-VIVI-SURVEY PLTS BPK. JOHA.json
2025-01-18 13:53:05,958 - INFO - Uploaded: 008-EPD-SALES-12-24-VIVI-SURVEY PLTS BPK. JOHA.xlsx
2025-01-18 13:53:08,720 - INFO - Uploaded: JOHAN 04 DES.jpg
2025-01-18 13:53:10,785 - INFO - Uploaded: JOHAN 04 DES.jpg-info.json
2025-01-18 13:53:13,323 - INFO - Uploaded: mso12D0.tmp
2025-01-18 13:53:15,598 - INFO - Uploaded: mso12D0.tmp-info.json
2025-01-18 13:53:18,038 - INFO - Uploaded: mso18B8.tmp
2025-01-18 13:53:20,166 - INFO - Uploaded: mso18B8.tmp-info.json
2025-01-18 13:53:22,744 - INFO - Uploaded: msoAAB.tmp
2025-01-18 13:53:24,908 - INFO - Uploaded: msoAAB.tmp-info.json
2025-01-18 13:53:27,239 - INFO - Uploaded: msoB027.tmp
2025-01-18 13:53:29,425 - INFO - Uploaded: msoB027.tmp-info.json
2025-01-18 13:53:32,193 - INFO - Uploaded: msoCCDE.tmp
2025-01-18 13:53:34,398 - INFO - Uploaded: msoCCDE.tmp-info.json
2025-01-18 13:53:37,507 - INFO - Uploaded: DOKUMENTASI CALL REPORT VIVI-info.json
2025-01-18 13:53:39,528 - INFO - Uploaded: DOKUMENTASI CALL REPORT VIVI.xlsx
2025-01-18 13:53:39,530 - INFO - Uploaded: VIVI
2025-01-18 13:53:41,683 - INFO - Uploaded: VIVI-info.json
2025-01-18 13:53:44,257 - INFO - Uploaded: YACOBSON 3.jpg
2025-01-18 13:53:46,460 - INFO - Uploaded: YACOBSON 3.jpg-info.json
2025-01-18 13:53:48,443 - INFO - Uploaded: Zoom.lnk
2025-01-18 13:53:50,537 - INFO - Uploaded: Zoom.lnk-info.json
2025-01-18 13:53:50,538 - INFO - Uploaded: Trash
2025-01-18 13:53:55,228 - INFO - Uploaded: 00029-JASA-SURVEY PLTS (CUST PRICE-S)-06-24-AT.xlsx
2025-01-18 13:53:59,056 - INFO - Uploaded: 00197-ACC-AKSESORIS ON GRID 25 KWP (CUST PRICE.xlsx
2025-01-18 13:54:01,276 - INFO - Uploaded: 0023-FORM CHECKLIST PERALATAN & PERLENGKAPAN-S.json
2025-01-18 13:54:03,623 - INFO - Uploaded: 0023-FORM CHECKLIST PERALATAN & PERLENGKAPAN-SU.pdf
2025-01-18 13:54:06,088 - INFO - Uploaded: 00246-1-SWP-P-PS1-200 HR-07-400 WP (CUST PRICE-.pdf
2025-01-18 13:54:08,270 - INFO - Uploaded: 00248-1-SWP-P-PS2 150 5-8 SET-600 WP (CUST PRI.json
2025-01-18 13:54:10,796 - INFO - Uploaded: 00249-Project-Desa-Amarasi-Kupang_Bp.-Willy_Kup.pdf
2025-01-18 13:54:13,082 - INFO - Uploaded: 00249-SWP-P-PS2-1800 8-7 SET-1.200 WP (CUST PR.json
2025-01-18 13:54:15,362 - INFO - Uploaded: 00254-1-SWP-P-S1-200 HR-07-400 WP (PRICELIST-S).pdf
2025-01-18 13:54:17,689 - INFO - Uploaded: 00256-Project-Lumajang_Bp.-Harianto_Lumajang_1.json
2025-01-18 13:54:19,868 - INFO - Uploaded: 00261-1-SWP-P-PS2-4000 5-25 SET-8.925 WP (CUST.json
2025-01-18 13:54:22,280 - INFO - Uploaded: 00268-Project-Waimanu_Bp.-Frets_Waikabubak_35m_.pdf
2025-01-18 13:54:25,254 - INFO - Uploaded: 00268-SWP-P-PS2 1800 8-7 SET-1.800 WP (PRICELI.xlsx
2025-01-18 13:54:27,164 - INFO - Uploaded: 00270-SWP-P-PS2 1800 8-7 SET-1.800 WP (PRICELI.json
2025-01-18 13:54:29,365 - INFO - Uploaded: 00271-Project-Anapalu_Bp.-Frets_Waikabubak_68m.json
2025-01-18 13:54:31,590 - INFO - Uploaded: 00283-Project-Wonosobo_Bp.-Habib_Wonosobo_150m.json
2025-01-18 13:54:33,792 - INFO - Uploaded: 00291-SWP-P-PS2-1800 1-25 SET-4.000 WP (PRICEL(1).json
2025-01-18 13:54:36,067 - INFO - Uploaded: 00291-SWP-P-PS2-1800 1-25 SET-4.000 WP (PRICELI.pdf
2025-01-18 13:54:38,363 - INFO - Uploaded: 00293-SWP-P-PS2-4000 5-25 SET- 8.400 WP (PRICE(1).json
2025-01-18 13:54:40,629 - INFO - Uploaded: 00295-SWP-P-PSk2-21 8-50-30.600 WP (PRICELIST-.xlsx
2025-01-18 13:54:43,530 - INFO - Uploaded: 00395-1-SWP-P-PS2-200 3-9 SET-400 WP (PRICELIS.xlsx
2025-01-18 13:54:45,837 - INFO - Uploaded: 00397-Majene-Sulawesi-Barat_Bpk.-Sarkasi,-ST_M.json
2025-01-18 13:54:48,153 - INFO - Uploaded: 00399-Muaro-Jambi---Jambi_Bpk.-Asmuri_Jambi_40m.pdf
2025-01-18 13:54:50,082 - INFO - Uploaded: 00407-OFG-3.300 WP-BATTERYLESS (CUST PRICE-V)-.json
2025-01-18 13:54:52,218 - INFO - Uploaded: 00422-OFG-5.500 WP-BATTERYLESS (CUST PRICE-V)-.json
2025-01-18 13:54:54,159 - INFO - Uploaded: 00424-1-OFG-11.000 WP-10 KWH-LITH (CUST PRICE-.json
2025-01-18 13:54:58,502 - INFO - Uploaded: 00424-1-OFG-11.000 WP-10 KWH-LITH (CUST PRICE-.xlsx
2025-01-18 13:55:00,460 - INFO - Uploaded: 00424-3-OFG-11.000 WP-10 KWH-LITH (CUST PRICE-.json
2025-01-18 13:55:02,982 - INFO - Uploaded: 00457-Project-Dili---Timor-Leste_Novi_Dili_82m_.pdf
2025-01-18 13:55:05,074 - INFO - Uploaded: 00463-1-SWP-P-PS2-4000 5-25 SET-7.200 WP (PRIC.json
2025-01-18 13:55:07,914 - INFO - Uploaded: 00465-Desa-Kuta-Dome---Sumatera-Utara_Hendri-Li.pdf
2025-01-18 13:55:10,369 - INFO - Uploaded: 00472-2-SWP-P-PS2-4000 8-15 SET-6000 WP (CUST P.pdf
2025-01-18 13:55:12,827 - INFO - Uploaded: 00473-Project-Desa-Halerman---Alor,-NTT_Guntur-.pdf
2025-01-18 13:55:14,845 - INFO - Uploaded: 00474-2-SWP-P-PS2-4000 3-32 SET-(TANPA SOLAR P.json
2025-01-18 13:55:17,146 - INFO - Uploaded: 00474-9-SWP-P-PS2-4000 3-32 SET-(TANPA SOLAR P(1).json
2025-01-18 13:55:19,870 - INFO - Uploaded: 00474-Project-Desa-Halerman---Alor,-NTT_Guntur-.pdf
2025-01-18 13:55:22,794 - INFO - Uploaded: 00486-Project-Desa-Ngadu-Bolu---Sumba-Tengah_Su.pdf
2025-01-18 13:55:25,033 - INFO - Uploaded: 00495-WASIOR_IBU JUMIATI_1.600Wp.pdf-info.json
2025-01-18 13:55:27,443 - INFO - Uploaded: 00496-3-SWP-P-PSk3-7 12-15 SET - 19.800 WP (PRI.pdf
2025-01-18 13:55:29,650 - INFO - Uploaded: 00496-Project-Yalimo--Papua-Pegunungan_Wasarea.json
2025-01-18 13:55:32,509 - INFO - Uploaded: 04-10-24 BUKTI PEMBUATAN PAK SARKASI- SULBAR.png
2025-01-18 13:55:35,251 - INFO - Uploaded: 04-10-24 BUKTI PEMBUATAN PENAWARAN PAK SUKRISNO.png
2025-01-18 13:55:37,219 - INFO - Uploaded: 11-10-24 BUKTI PEMBUATAN PENAWARAN JASA CLEANI.json
2025-01-18 13:55:39,864 - INFO - Uploaded: Alex Nias 12 Nov.jpg
2025-01-18 13:55:42,844 - INFO - Uploaded: ANDRIUS PRAING 09 DES.jpg
2025-01-18 13:55:45,368 - INFO - Uploaded: Ari waikabubak 07 nov.jpg
2025-01-18 13:55:47,315 - INFO - Uploaded: Asir 11 Nov fix.jpg-info.json
2025-01-18 13:55:49,482 - INFO - Uploaded: Boby Junaidi 18 nov.jpg-info.json
2025-01-18 13:55:51,535 - INFO - Uploaded: Bone 25 nov.jpg-info.json
2025-01-18 13:55:53,622 - INFO - Uploaded: bukti  call boby 01 nov .jpg-info.json
2025-01-18 13:55:55,892 - INFO - Uploaded: bukti calk dedi 1 nov.jpg-info.json
2025-01-18 13:55:57,982 - INFO - Uploaded: Bukti Call -Luthfi Aditama -23 okt.jpg-info.json
2025-01-18 13:56:00,882 - INFO - Uploaded: bukti call bingkros pairie.jpg
2025-01-18 13:56:04,320 - INFO - Uploaded: bukti call boby 01 nov.jpg
2025-01-18 13:56:06,560 - INFO - Uploaded: bukti call boby tegar 06 nov.jpg-info.json
2025-01-18 13:56:09,075 - INFO - Uploaded: bukti call Bpk Eman -22 okt.jpg
2025-01-18 13:56:11,351 - INFO - Uploaded: Bukti Call Dadang 30 okt.jpg-info.json
2025-01-18 13:56:14,220 - INFO - Uploaded: Bukti Call Faisal nagan raya -28 okt.jpg
2025-01-18 13:56:16,499 - INFO - Uploaded: bukti call fauzi amrillah 04 nov.jpg-info.json
2025-01-18 13:56:19,087 - INFO - Uploaded: bukti call hadirin 05 nov.jpg
2025-01-18 13:56:21,651 - INFO - Uploaded: Bukti call Konisas 29 okt.jpg-info.json
2025-01-18 13:56:24,057 - INFO - Uploaded: bukti call miftah aceh -28 okt.jpg
2025-01-18 13:56:26,192 - INFO - Uploaded: Bukti Call Richardo 29 okt.jpg-info.json
2025-01-18 13:56:29,064 - INFO - Uploaded: bukti pembuatan penawaran BEHN MEYER-21 OKT.jpg
2025-01-18 13:56:31,844 - INFO - Uploaded: Call adi malolo 08 nov.jpg
2025-01-18 13:56:33,915 - INFO - Uploaded: Call adi malolo 08 nov.jpg-info.json
2025-01-18 13:56:36,147 - INFO - Uploaded: Call Agus Ghozali 08 Nov.jpg-info.json
2025-01-18 13:56:39,077 - INFO - Uploaded: call yusuf pangandaran 07 nov.jpg
2025-01-18 13:56:41,312 - INFO - Uploaded: DABY 05 DES.jpg-info.json
2025-01-18 13:56:43,742 - INFO - Uploaded: facebook 20 nov.jpg
2025-01-18 13:56:46,035 - INFO - Uploaded: Jalil 13 nov.jpg-info.json
2025-01-18 13:56:48,977 - INFO - Uploaded: Jalil 15 nov.jpg
2025-01-18 13:56:51,642 - INFO - Uploaded: Jalil Namugur 12 nov.jpg-info.json
2025-01-18 13:56:54,592 - INFO - Uploaded: JUAN BIRINK 28 NOV.jpg
2025-01-18 13:56:57,605 - INFO - Uploaded: JUPRI 16DES.jpg
2025-01-18 13:57:00,157 - INFO - Uploaded: Kace waratmas 19 nov.jpg
2025-01-18 13:57:02,588 - INFO - Uploaded: LUTFI 05 DES.jpg-info.json
2025-01-18 13:57:05,082 - INFO - Uploaded: Marthyn 18 nov.jpg
2025-01-18 13:57:07,051 - INFO - Uploaded: Muhajir 26 nov.jpg-info.json
2025-01-18 13:57:09,936 - INFO - Uploaded: NOTULEN MEETING STANDARISASI SKP 09 OKT 2024.jpg
2025-01-18 13:57:12,069 - INFO - Uploaded: Novi 26 nov.jpg-info.json
2025-01-18 13:57:14,163 - INFO - Uploaded: NURDIN 12 DES.jpg-info.json
2025-01-18 13:57:16,874 - INFO - Uploaded: PENAWARAN HARGA OGI 05 DES.jpg
2025-01-18 13:57:19,758 - INFO - Uploaded: PENAWARAN HARGA YONGKY-09 DES.jpg
2025-01-18 13:57:22,036 - INFO - Uploaded: Roby 22 nov.jpg-info.json
2025-01-18 13:57:24,245 - INFO - Uploaded: STATUS 10 DES.jpg-info.json
2025-01-18 13:57:26,586 - INFO - Uploaded: STATUS WA 03 DES.jpg
2025-01-18 13:57:28,638 - INFO - Uploaded: status wa 06 nov.jpg-info.json
2025-01-18 13:57:31,301 - INFO - Uploaded: Status Wa 20 nov.jpg
2025-01-18 13:57:33,429 - INFO - Uploaded: STATUS WA 28 NOV.jpg-info.json
2025-01-18 13:57:36,479 - INFO - Uploaded: STATUS WA 29 NOV.jpg
2025-01-18 13:57:39,257 - INFO - Uploaded: status wa 29 okt.jpg
2025-01-18 13:57:41,505 - INFO - Uploaded: status wa 29 okt.jpg-info.json
2025-01-18 13:57:44,105 - INFO - Uploaded: SUHAIB 05 DES.jpg
2025-01-18 13:57:46,957 - INFO - Uploaded: SUHAIB 06 DES .jpg
2025-01-18 13:57:48,917 - INFO - Uploaded: SUMARDI 11 DES.jpg-info.json
2025-01-18 13:57:52,256 - INFO - Uploaded: Vincent 18 nov.jpg
2025-01-18 13:57:52,258 - INFO - Uploaded: Unorganized
2025-01-18 13:57:54,321 - INFO - Uploaded: Untitled spreadsheet-info.json
2025-01-18 13:57:56,370 - INFO - Uploaded: Untitled spreadsheet.xlsx
2025-01-18 13:57:59,382 - INFO - Uploaded: Bukti upload FB 30-09-24.png
2025-01-18 13:58:01,529 - INFO - Uploaded: Bukti upload FB 30-09-24.png-info.json
2025-01-18 13:58:04,310 - INFO - Uploaded: Copy of 30-09-2024 STATUS WA.jpg
2025-01-18 13:58:06,337 - INFO - Uploaded: Copy of 30-09-2024 STATUS WA.jpg-info.json
2025-01-18 13:58:06,338 - INFO - Uploaded: VIVI
2025-01-18 13:58:08,532 - INFO - Uploaded: VIVI-info.json
2025-01-18 13:58:08,533 - INFO - === Migration completed for rohmat@atonergi.com to dm01@rejaton.com ===
